[2018-10-28 22:14:45,886] DEBUG: Sending CONNECT (u0, p0, wr1, wq2, wf1, c1, k60) client_id=elevator
[2018-10-28 22:14:45,889] DEBUG: Sending SUBSCRIBE (d0, m1) [('elevator/cmd', 2), ('elevator/status', 2)]
[2018-10-28 22:14:45,890] DEBUG: Sending PUBLISH (d0, q2, r0, m2), 'elevator/status', ... (15 bytes)
[2018-10-28 22:14:46,193] DEBUG: Received CONNACK (0, 0)
[2018-10-28 22:14:46,501] DEBUG: Received SUBACK
[2018-10-28 22:14:46,502] DEBUG: Received PUBREC (Mid: 2)
[2018-10-28 22:14:46,502] DEBUG: Sending PUBREL (Mid: 2)
[2018-10-28 22:14:46,807] DEBUG: Received PUBCOMP (Mid: 2)
[2018-10-28 22:14:46,892] DEBUG: Sending PUBLISH (d0, q2, r0, m3), 'elevator/status', ... (15 bytes)
[2018-10-28 22:14:47,117] DEBUG: Received PUBLISH (d0, q2, r0, m1), 'elevator/status', ...  (15 bytes)
[2018-10-28 22:14:47,134] DEBUG: Sending PUBREC (Mid: 1)
[2018-10-28 22:14:47,421] DEBUG: Received PUBREC (Mid: 3)
[2018-10-28 22:14:47,422] DEBUG: Sending PUBREL (Mid: 3)
[2018-10-28 22:14:47,732] DEBUG: Received PUBREL (Mid: 1)
[2018-10-28 22:14:47,733] DEBUG: Sending PUBCOMP (Mid: 1)
[2018-10-28 22:14:47,894] DEBUG: Sending PUBLISH (d0, q2, r0, m4), 'elevator/status', ... (15 bytes)
[2018-10-28 22:14:48,036] DEBUG: Received PUBCOMP (Mid: 3)
[2018-10-28 22:14:48,037] DEBUG: Received PUBLISH (d0, q2, r0, m2), 'elevator/status', ...  (15 bytes)
[2018-10-28 22:14:48,037] DEBUG: Sending PUBREC (Mid: 2)
[2018-10-28 22:14:48,343] DEBUG: Received PUBREC (Mid: 4)
[2018-10-28 22:14:48,344] DEBUG: Sending PUBREL (Mid: 4)
[2018-10-28 22:14:48,649] DEBUG: Received PUBREL (Mid: 2)
[2018-10-28 22:14:48,650] DEBUG: Sending PUBCOMP (Mid: 2)
[2018-10-28 22:14:48,896] DEBUG: Sending PUBLISH (d0, q2, r0, m5), 'elevator/status', ... (15 bytes)
[2018-10-28 22:14:48,956] DEBUG: Received PUBCOMP (Mid: 4)
[2018-10-28 22:14:49,264] DEBUG: Received PUBLISH (d0, q2, r0, m3), 'elevator/status', ...  (15 bytes)
[2018-10-28 22:14:49,264] DEBUG: Sending PUBREC (Mid: 3)
[2018-10-28 22:14:49,571] DEBUG: Received PUBREC (Mid: 5)
[2018-10-28 22:14:49,571] DEBUG: Sending PUBREL (Mid: 5)
[2018-10-28 22:14:49,880] DEBUG: Received PUBREL (Mid: 3)
[2018-10-28 22:14:49,881] DEBUG: Sending PUBCOMP (Mid: 3)
[2018-10-28 22:14:49,898] DEBUG: Sending PUBLISH (d0, q2, r0, m6), 'elevator/status', ... (15 bytes)
[2018-10-28 22:14:50,187] DEBUG: Received PUBCOMP (Mid: 5)
[2018-10-28 22:14:50,188] DEBUG: Received PUBLISH (d0, q2, r0, m4), 'elevator/status', ...  (15 bytes)
[2018-10-28 22:14:50,188] DEBUG: Sending PUBREC (Mid: 4)
[2018-10-28 22:14:50,494] DEBUG: Received PUBREC (Mid: 6)
[2018-10-28 22:14:50,494] DEBUG: Sending PUBREL (Mid: 6)
[2018-10-28 22:14:50,801] DEBUG: Received PUBREL (Mid: 4)
[2018-10-28 22:14:50,802] DEBUG: Sending PUBCOMP (Mid: 4)
[2018-10-28 22:14:50,901] DEBUG: Sending PUBLISH (d0, q2, r0, m7), 'elevator/status', ... (15 bytes)
[2018-10-28 22:14:51,107] DEBUG: Received PUBCOMP (Mid: 6)
